


has connected fd=>1,
array(2) {
  ["path"]=>
  string(10) "index/init"
  ["params"]=>
  array(1) {
    ["uuid"]=>
    string(5) "uuid2"
  }
}
set Controller => Controller\indexController 
dispatch 
Receive 执行结束 
has connected fd=>2,
array(2) {
  ["path"]=>
  string(10) "index/init"
  ["params"]=>
  array(1) {
    ["uuid"]=>
    string(5) "uuid1"
  }
}
set Controller => Controller\indexController 
dispatch 
Receive 执行结束 
array(2) {
  ["path"]=>
  string(14) "meeting/create"
  ["params"]=>
  array(3) {
    ["name"]=>
    string(12) "测试会议"
    ["meeting_id"]=>
    string(12) "test-meeting"
    ["uuid"]=>
    string(5) "uuid1"
  }
}
set Controller => Controller\meetingController 
dispatch 
Receive 执行结束 
array(2) {
  ["path"]=>
  string(12) "meeting/join"
  ["params"]=>
  array(2) {
    ["meeting_id"]=>
    string(12) "test-meeting"
    ["uuid"]=>
    string(5) "uuid2"
  }
}
set Controller => Controller\meetingController 
dispatch 
Receive 执行结束 
set Controller => Controller\connectController 
dispatch 
PHP Notice:  Undefined index: uuid in /www/web/ZHY/swooleSocket/Controller/connectController.php on line 41
has disConnected fd = 1,
set Controller => Controller\connectController 
dispatch 
fd is not found ! 
fd is not found ! 
has disConnected fd = 2,
has connected fd=>3,
array(2) {
  ["path"]=>
  string(10) "index/init"
  ["params"]=>
  array(1) {
    ["uuid"]=>
    string(5) "uuid1"
  }
}
dispatch 
Receive 执行结束 
array(2) {
  ["path"]=>
  string(14) "meeting/create"
  ["params"]=>
  array(3) {
    ["name"]=>
    string(12) "测试会议"
    ["meeting_id"]=>
    string(12) "test-meeting"
    ["uuid"]=>
    string(5) "uuid1"
  }
}
dispatch 
Receive 执行结束 
has connected fd=>4,
array(2) {
  ["path"]=>
  string(10) "index/init"
  ["params"]=>
  array(1) {
    ["uuid"]=>
    string(5) "uuid2"
  }
}
dispatch 
Receive 执行结束 
array(2) {
  ["path"]=>
  string(12) "meeting/join"
  ["params"]=>
  array(2) {
    ["meeting_id"]=>
    string(12) "test-meeting"
    ["uuid"]=>
    string(5) "uuid2"
  }
}
dispatch 
Receive 执行结束 
array(2) {
  ["path"]=>
  string(16) "meeting/dissolve"
  ["params"]=>
  array(2) {
    ["meeting_id"]=>
    string(12) "test-meeting"
    ["uuid"]=>
    string(5) "uuid1"
  }
}
dispatch 
Receive 执行结束 
array(2) {
  ["path"]=>
  string(14) "meeting/create"
  ["params"]=>
  array(3) {
    ["name"]=>
    string(12) "测试会议"
    ["meeting_id"]=>
    string(12) "test-meeting"
    ["uuid"]=>
    string(5) "uuid2"
  }
}
dispatch 
Receive 执行结束 
array(2) {
  ["path"]=>
  string(12) "meeting/join"
  ["params"]=>
  array(2) {
    ["meeting_id"]=>
    string(12) "test-meeting"
    ["uuid"]=>
    string(5) "uuid1"
  }
}
dispatch 
Receive 执行结束 
dispatch 
fd is not found ! 
fd is not found ! 
has disConnected fd = 3,
has connected fd=>5,
array(2) {
  ["path"]=>
  string(10) "index/init"
  ["params"]=>
  array(1) {
    ["uuid"]=>
    string(5) "uuid3"
  }
}
dispatch 
Receive 执行结束 
array(2) {
  ["path"]=>
  string(12) "meeting/join"
  ["params"]=>
  array(2) {
    ["meeting_id"]=>
    string(12) "test-meeting"
    ["uuid"]=>
    string(5) "uuid3"
  }
}
dispatch 
Receive 执行结束 
dispatch 
fd is not found ! 
has disConnected fd = 4,
has connected fd=>6,
array(2) {
  ["path"]=>
  string(10) "index/init"
  ["params"]=>
  array(1) {
    ["uuid"]=>
    string(5) "uuid1"
  }
}
dispatch 
Receive 执行结束 
array(2) {
  ["path"]=>
  string(14) "meeting/create"
  ["params"]=>
  array(3) {
    ["name"]=>
    string(12) "测试会议"
    ["meeting_id"]=>
    string(12) "test-meeting"
    ["uuid"]=>
    string(5) "uuid1"
  }
}
dispatch 
Receive 执行结束 
array(2) {
  ["path"]=>
  string(12) "meeting/join"
  ["params"]=>
  array(2) {
    ["meeting_id"]=>
    string(12) "test-meeting"
    ["uuid"]=>
    string(5) "uuid3"
  }
}
dispatch 
Receive 执行结束 
dispatch 
fd is not found ! 
fd is not found ! 
has disConnected fd = 5,
